::1 - - [16/Mar/2020:23:00:15 +0530] "GET / HTTP/1.1" 302 - "-" "Mozilla/5.0 (Windows NT 10.0; Win64; x64) AppleWebKit/537.36 (KHTML, like Gecko) Chrome/80.0.3987.132 Safari/537.36"
::1 - - [16/Mar/2020:23:00:22 +0530] "GET / HTTP/1.1" 302 - "-" "Mozilla/5.0 (Windows NT 10.0; Win64; x64) AppleWebKit/537.36 (KHTML, like Gecko) Chrome/80.0.3987.132 Safari/537.36"
::1 - - [16/Mar/2020:23:00:35 +0530] "GET /PHP HTTP/1.1" 404 1053 "-" "Mozilla/5.0 (Windows NT 10.0; Win64; x64) AppleWebKit/537.36 (KHTML, like Gecko) Chrome/80.0.3987.132 Safari/537.36"
::1 - - [16/Mar/2020:23:00:59 +0530] "GET /htdocs HTTP/1.1" 404 1053 "-" "Mozilla/5.0 (Windows NT 10.0; Win64; x64) AppleWebKit/537.36 (KHTML, like Gecko) Chrome/80.0.3987.132 Safari/537.36"
::1 - - [16/Mar/2020:23:01:15 +0530] "GET / HTTP/1.1" 302 - "http://localhost/htdocs" "Mozilla/5.0 (Windows NT 10.0; Win64; x64) AppleWebKit/537.36 (KHTML, like Gecko) Chrome/80.0.3987.132 Safari/537.36"
::1 - - [16/Mar/2020:23:01:50 +0530] "GET / HTTP/1.1" 302 - "-" "Mozilla/5.0 (Windows NT 10.0; Win64; x64) AppleWebKit/537.36 (KHTML, like Gecko) Chrome/80.0.3987.132 Safari/537.36"
::1 - - [16/Mar/2020:23:02:01 +0530] "GET /xampp/ HTTP/1.1" 200 767 "-" "Mozilla/5.0 (Windows NT 10.0; Win64; x64) AppleWebKit/537.36 (KHTML, like Gecko) Chrome/80.0.3987.132 Safari/537.36"
::1 - - [16/Mar/2020:23:02:03 +0530] "GET / HTTP/1.1" 302 - "http://localhost/xampp/" "Mozilla/5.0 (Windows NT 10.0; Win64; x64) AppleWebKit/537.36 (KHTML, like Gecko) Chrome/80.0.3987.132 Safari/537.36"
::1 - - [16/Mar/2020:23:02:15 +0530] "GET /index.php HTTP/1.1" 302 - "-" "Mozilla/5.0 (Windows NT 10.0; Win64; x64) AppleWebKit/537.36 (KHTML, like Gecko) Chrome/80.0.3987.132 Safari/537.36"
::1 - - [16/Mar/2020:23:02:40 +0530] "GET / HTTP/1.1" 302 - "-" "Mozilla/5.0 (Windows NT 10.0; Win64; x64) AppleWebKit/537.36 (KHTML, like Gecko) Chrome/80.0.3987.132 Safari/537.36"
::1 - - [16/Mar/2020:23:02:44 +0530] "GET / HTTP/1.1" 302 - "-" "Mozilla/5.0 (Windows NT 10.0; Win64; x64) AppleWebKit/537.36 (KHTML, like Gecko) Chrome/80.0.3987.132 Safari/537.36"
::1 - - [16/Mar/2020:23:03:10 +0530] "GET / HTTP/1.1" 302 - "-" "Mozilla/5.0 (Windows NT 10.0; Win64; x64) AppleWebKit/537.36 (KHTML, like Gecko) Chrome/80.0.3987.132 Safari/537.36"
::1 - - [16/Mar/2020:23:04:12 +0530] "GET /dashboard/ HTTP/1.1" 200 7576 "-" "Mozilla/5.0 (Windows NT 10.0; Win64; x64) AppleWebKit/537.36 (KHTML, like Gecko) Chrome/80.0.3987.132 Safari/537.36"
::1 - - [16/Mar/2020:23:04:12 +0530] "GET /dashboard/images/favicon.png HTTP/1.1" 200 2508 "http://localhost/dashboard/" "Mozilla/5.0 (Windows NT 10.0; Win64; x64) AppleWebKit/537.36 (KHTML, like Gecko) Chrome/80.0.3987.132 Safari/537.36"
::1 - - [16/Mar/2020:23:04:13 +0530] "GET /dashboard/ HTTP/1.1" 304 - "-" "Mozilla/5.0 (Windows NT 10.0; Win64; x64) AppleWebKit/537.36 (KHTML, like Gecko) Chrome/80.0.3987.132 Safari/537.36"
::1 - - [16/Mar/2020:23:04:13 +0530] "GET /dashboard/images/favicon.png HTTP/1.1" 200 2508 "http://localhost/dashboard/" "Mozilla/5.0 (Windows NT 10.0; Win64; x64) AppleWebKit/537.36 (KHTML, like Gecko) Chrome/80.0.3987.132 Safari/537.36"
::1 - - [16/Mar/2020:23:04:18 +0530] "GET / HTTP/1.1" 200 2281 "-" "Mozilla/5.0 (Windows NT 10.0; Win64; x64) AppleWebKit/537.36 (KHTML, like Gecko) Chrome/80.0.3987.132 Safari/537.36"
::1 - - [16/Mar/2020:23:04:23 +0530] "GET /adminInteration.php HTTP/1.1" 200 285 "http://localhost/" "Mozilla/5.0 (Windows NT 10.0; Win64; x64) AppleWebKit/537.36 (KHTML, like Gecko) Chrome/80.0.3987.132 Safari/537.36"
::1 - - [16/Mar/2020:23:06:35 +0530] "GET /adminInteration.php HTTP/1.1" 200 278 "http://localhost/" "Mozilla/5.0 (Windows NT 10.0; Win64; x64) AppleWebKit/537.36 (KHTML, like Gecko) Chrome/80.0.3987.132 Safari/537.36"
::1 - - [16/Mar/2020:23:06:35 +0530] "GET /favicon.ico HTTP/1.1" 200 30894 "http://localhost/adminInteration.php" "Mozilla/5.0 (Windows NT 10.0; Win64; x64) AppleWebKit/537.36 (KHTML, like Gecko) Chrome/80.0.3987.132 Safari/537.36"
::1 - - [16/Mar/2020:23:06:36 +0530] "GET /adminInteration.php HTTP/1.1" 200 278 "http://localhost/" "Mozilla/5.0 (Windows NT 10.0; Win64; x64) AppleWebKit/537.36 (KHTML, like Gecko) Chrome/80.0.3987.132 Safari/537.36"
::1 - - [16/Mar/2020:23:06:36 +0530] "GET /favicon.ico HTTP/1.1" 200 30894 "http://localhost/adminInteration.php" "Mozilla/5.0 (Windows NT 10.0; Win64; x64) AppleWebKit/537.36 (KHTML, like Gecko) Chrome/80.0.3987.132 Safari/537.36"
::1 - - [16/Mar/2020:23:06:36 +0530] "GET /adminInteration.php HTTP/1.1" 200 278 "http://localhost/" "Mozilla/5.0 (Windows NT 10.0; Win64; x64) AppleWebKit/537.36 (KHTML, like Gecko) Chrome/80.0.3987.132 Safari/537.36"
::1 - - [16/Mar/2020:23:06:36 +0530] "GET /favicon.ico HTTP/1.1" 200 30894 "http://localhost/adminInteration.php" "Mozilla/5.0 (Windows NT 10.0; Win64; x64) AppleWebKit/537.36 (KHTML, like Gecko) Chrome/80.0.3987.132 Safari/537.36"
::1 - - [16/Mar/2020:23:06:37 +0530] "GET /adminInteration.php HTTP/1.1" 200 278 "http://localhost/" "Mozilla/5.0 (Windows NT 10.0; Win64; x64) AppleWebKit/537.36 (KHTML, like Gecko) Chrome/80.0.3987.132 Safari/537.36"
::1 - - [16/Mar/2020:23:06:37 +0530] "GET /favicon.ico HTTP/1.1" 200 30894 "http://localhost/adminInteration.php" "Mozilla/5.0 (Windows NT 10.0; Win64; x64) AppleWebKit/537.36 (KHTML, like Gecko) Chrome/80.0.3987.132 Safari/537.36"
::1 - - [16/Mar/2020:23:06:37 +0530] "GET /adminInteration.php HTTP/1.1" 200 278 "http://localhost/" "Mozilla/5.0 (Windows NT 10.0; Win64; x64) AppleWebKit/537.36 (KHTML, like Gecko) Chrome/80.0.3987.132 Safari/537.36"
::1 - - [16/Mar/2020:23:06:37 +0530] "GET /favicon.ico HTTP/1.1" 200 30894 "http://localhost/adminInteration.php" "Mozilla/5.0 (Windows NT 10.0; Win64; x64) AppleWebKit/537.36 (KHTML, like Gecko) Chrome/80.0.3987.132 Safari/537.36"
::1 - - [16/Mar/2020:23:06:37 +0530] "GET /adminInteration.php HTTP/1.1" 200 278 "http://localhost/" "Mozilla/5.0 (Windows NT 10.0; Win64; x64) AppleWebKit/537.36 (KHTML, like Gecko) Chrome/80.0.3987.132 Safari/537.36"
::1 - - [16/Mar/2020:23:06:37 +0530] "GET /favicon.ico HTTP/1.1" 200 30894 "http://localhost/adminInteration.php" "Mozilla/5.0 (Windows NT 10.0; Win64; x64) AppleWebKit/537.36 (KHTML, like Gecko) Chrome/80.0.3987.132 Safari/537.36"
::1 - - [16/Mar/2020:23:06:37 +0530] "GET /adminInteration.php HTTP/1.1" 200 278 "http://localhost/" "Mozilla/5.0 (Windows NT 10.0; Win64; x64) AppleWebKit/537.36 (KHTML, like Gecko) Chrome/80.0.3987.132 Safari/537.36"
::1 - - [16/Mar/2020:23:06:37 +0530] "GET /favicon.ico HTTP/1.1" 200 30894 "http://localhost/adminInteration.php" "Mozilla/5.0 (Windows NT 10.0; Win64; x64) AppleWebKit/537.36 (KHTML, like Gecko) Chrome/80.0.3987.132 Safari/537.36"
::1 - - [16/Mar/2020:23:06:37 +0530] "GET /adminInteration.php HTTP/1.1" 200 278 "http://localhost/" "Mozilla/5.0 (Windows NT 10.0; Win64; x64) AppleWebKit/537.36 (KHTML, like Gecko) Chrome/80.0.3987.132 Safari/537.36"
::1 - - [16/Mar/2020:23:06:37 +0530] "GET /favicon.ico HTTP/1.1" 200 30894 "http://localhost/adminInteration.php" "Mozilla/5.0 (Windows NT 10.0; Win64; x64) AppleWebKit/537.36 (KHTML, like Gecko) Chrome/80.0.3987.132 Safari/537.36"
::1 - - [16/Mar/2020:23:06:38 +0530] "GET /adminInteration.php HTTP/1.1" 200 278 "http://localhost/" "Mozilla/5.0 (Windows NT 10.0; Win64; x64) AppleWebKit/537.36 (KHTML, like Gecko) Chrome/80.0.3987.132 Safari/537.36"
::1 - - [16/Mar/2020:23:06:38 +0530] "GET /favicon.ico HTTP/1.1" 200 30894 "http://localhost/adminInteration.php" "Mozilla/5.0 (Windows NT 10.0; Win64; x64) AppleWebKit/537.36 (KHTML, like Gecko) Chrome/80.0.3987.132 Safari/537.36"
::1 - - [16/Mar/2020:23:06:38 +0530] "GET /adminInteration.php HTTP/1.1" 200 278 "http://localhost/" "Mozilla/5.0 (Windows NT 10.0; Win64; x64) AppleWebKit/537.36 (KHTML, like Gecko) Chrome/80.0.3987.132 Safari/537.36"
::1 - - [16/Mar/2020:23:06:38 +0530] "GET /favicon.ico HTTP/1.1" 200 30894 "http://localhost/adminInteration.php" "Mozilla/5.0 (Windows NT 10.0; Win64; x64) AppleWebKit/537.36 (KHTML, like Gecko) Chrome/80.0.3987.132 Safari/537.36"
::1 - - [16/Mar/2020:23:06:38 +0530] "GET /adminInteration.php HTTP/1.1" 200 278 "http://localhost/" "Mozilla/5.0 (Windows NT 10.0; Win64; x64) AppleWebKit/537.36 (KHTML, like Gecko) Chrome/80.0.3987.132 Safari/537.36"
::1 - - [16/Mar/2020:23:06:38 +0530] "GET /favicon.ico HTTP/1.1" 200 30894 "http://localhost/adminInteration.php" "Mozilla/5.0 (Windows NT 10.0; Win64; x64) AppleWebKit/537.36 (KHTML, like Gecko) Chrome/80.0.3987.132 Safari/537.36"
::1 - - [16/Mar/2020:23:06:38 +0530] "GET /adminInteration.php HTTP/1.1" 200 278 "http://localhost/" "Mozilla/5.0 (Windows NT 10.0; Win64; x64) AppleWebKit/537.36 (KHTML, like Gecko) Chrome/80.0.3987.132 Safari/537.36"
::1 - - [16/Mar/2020:23:06:38 +0530] "GET /favicon.ico HTTP/1.1" 200 30894 "http://localhost/adminInteration.php" "Mozilla/5.0 (Windows NT 10.0; Win64; x64) AppleWebKit/537.36 (KHTML, like Gecko) Chrome/80.0.3987.132 Safari/537.36"
::1 - - [16/Mar/2020:23:06:38 +0530] "GET /adminInteration.php HTTP/1.1" 200 278 "http://localhost/" "Mozilla/5.0 (Windows NT 10.0; Win64; x64) AppleWebKit/537.36 (KHTML, like Gecko) Chrome/80.0.3987.132 Safari/537.36"
::1 - - [16/Mar/2020:23:06:38 +0530] "GET /favicon.ico HTTP/1.1" 200 30894 "http://localhost/adminInteration.php" "Mozilla/5.0 (Windows NT 10.0; Win64; x64) AppleWebKit/537.36 (KHTML, like Gecko) Chrome/80.0.3987.132 Safari/537.36"
::1 - - [16/Mar/2020:23:06:38 +0530] "GET /adminInteration.php HTTP/1.1" 200 278 "http://localhost/" "Mozilla/5.0 (Windows NT 10.0; Win64; x64) AppleWebKit/537.36 (KHTML, like Gecko) Chrome/80.0.3987.132 Safari/537.36"
::1 - - [16/Mar/2020:23:06:39 +0530] "GET /favicon.ico HTTP/1.1" 200 30894 "http://localhost/adminInteration.php" "Mozilla/5.0 (Windows NT 10.0; Win64; x64) AppleWebKit/537.36 (KHTML, like Gecko) Chrome/80.0.3987.132 Safari/537.36"
::1 - - [16/Mar/2020:23:06:47 +0530] "GET /adminInteration.php HTTP/1.1" 200 177 "http://localhost/" "Mozilla/5.0 (Windows NT 10.0; Win64; x64) AppleWebKit/537.36 (KHTML, like Gecko) Chrome/80.0.3987.132 Safari/537.36"
::1 - - [16/Mar/2020:23:06:47 +0530] "GET /favicon.ico HTTP/1.1" 200 30894 "http://localhost/adminInteration.php" "Mozilla/5.0 (Windows NT 10.0; Win64; x64) AppleWebKit/537.36 (KHTML, like Gecko) Chrome/80.0.3987.132 Safari/537.36"
::1 - - [16/Mar/2020:23:06:47 +0530] "GET /adminInteration.php HTTP/1.1" 200 177 "http://localhost/" "Mozilla/5.0 (Windows NT 10.0; Win64; x64) AppleWebKit/537.36 (KHTML, like Gecko) Chrome/80.0.3987.132 Safari/537.36"
::1 - - [16/Mar/2020:23:06:47 +0530] "GET /favicon.ico HTTP/1.1" 200 30894 "http://localhost/adminInteration.php" "Mozilla/5.0 (Windows NT 10.0; Win64; x64) AppleWebKit/537.36 (KHTML, like Gecko) Chrome/80.0.3987.132 Safari/537.36"
::1 - - [16/Mar/2020:23:06:51 +0530] "GET /adminInteration.php HTTP/1.1" 200 278 "http://localhost/" "Mozilla/5.0 (Windows NT 10.0; Win64; x64) AppleWebKit/537.36 (KHTML, like Gecko) Chrome/80.0.3987.132 Safari/537.36"
::1 - - [16/Mar/2020:23:06:51 +0530] "GET /favicon.ico HTTP/1.1" 200 30894 "http://localhost/adminInteration.php" "Mozilla/5.0 (Windows NT 10.0; Win64; x64) AppleWebKit/537.36 (KHTML, like Gecko) Chrome/80.0.3987.132 Safari/537.36"
::1 - - [16/Mar/2020:23:06:52 +0530] "GET /adminInteration.php HTTP/1.1" 200 278 "http://localhost/" "Mozilla/5.0 (Windows NT 10.0; Win64; x64) AppleWebKit/537.36 (KHTML, like Gecko) Chrome/80.0.3987.132 Safari/537.36"
::1 - - [16/Mar/2020:23:06:52 +0530] "GET /favicon.ico HTTP/1.1" 200 30894 "http://localhost/adminInteration.php" "Mozilla/5.0 (Windows NT 10.0; Win64; x64) AppleWebKit/537.36 (KHTML, like Gecko) Chrome/80.0.3987.132 Safari/537.36"
::1 - - [16/Mar/2020:23:06:58 +0530] "GET /adminInteration.php HTTP/1.1" 200 22 "http://localhost/" "Mozilla/5.0 (Windows NT 10.0; Win64; x64) AppleWebKit/537.36 (KHTML, like Gecko) Chrome/80.0.3987.132 Safari/537.36"
::1 - - [16/Mar/2020:23:06:58 +0530] "GET /favicon.ico HTTP/1.1" 200 30894 "http://localhost/adminInteration.php" "Mozilla/5.0 (Windows NT 10.0; Win64; x64) AppleWebKit/537.36 (KHTML, like Gecko) Chrome/80.0.3987.132 Safari/537.36"
::1 - - [16/Mar/2020:23:07:28 +0530] "GET /adminInteration.php HTTP/1.1" 200 - "http://localhost/" "Mozilla/5.0 (Windows NT 10.0; Win64; x64) AppleWebKit/537.36 (KHTML, like Gecko) Chrome/80.0.3987.132 Safari/537.36"
::1 - - [16/Mar/2020:23:07:28 +0530] "GET /favicon.ico HTTP/1.1" 200 30894 "http://localhost/adminInteration.php" "Mozilla/5.0 (Windows NT 10.0; Win64; x64) AppleWebKit/537.36 (KHTML, like Gecko) Chrome/80.0.3987.132 Safari/537.36"
::1 - - [16/Mar/2020:23:07:28 +0530] "GET /adminInteration.php HTTP/1.1" 200 - "http://localhost/" "Mozilla/5.0 (Windows NT 10.0; Win64; x64) AppleWebKit/537.36 (KHTML, like Gecko) Chrome/80.0.3987.132 Safari/537.36"
::1 - - [16/Mar/2020:23:07:28 +0530] "GET /favicon.ico HTTP/1.1" 200 30894 "http://localhost/adminInteration.php" "Mozilla/5.0 (Windows NT 10.0; Win64; x64) AppleWebKit/537.36 (KHTML, like Gecko) Chrome/80.0.3987.132 Safari/537.36"
::1 - - [16/Mar/2020:23:07:28 +0530] "GET /adminInteration.php HTTP/1.1" 200 - "http://localhost/" "Mozilla/5.0 (Windows NT 10.0; Win64; x64) AppleWebKit/537.36 (KHTML, like Gecko) Chrome/80.0.3987.132 Safari/537.36"
::1 - - [16/Mar/2020:23:07:29 +0530] "GET /favicon.ico HTTP/1.1" 200 30894 "http://localhost/adminInteration.php" "Mozilla/5.0 (Windows NT 10.0; Win64; x64) AppleWebKit/537.36 (KHTML, like Gecko) Chrome/80.0.3987.132 Safari/537.36"
::1 - - [16/Mar/2020:23:07:29 +0530] "GET /adminInteration.php HTTP/1.1" 200 - "http://localhost/" "Mozilla/5.0 (Windows NT 10.0; Win64; x64) AppleWebKit/537.36 (KHTML, like Gecko) Chrome/80.0.3987.132 Safari/537.36"
::1 - - [16/Mar/2020:23:07:29 +0530] "GET /favicon.ico HTTP/1.1" 200 30894 "http://localhost/adminInteration.php" "Mozilla/5.0 (Windows NT 10.0; Win64; x64) AppleWebKit/537.36 (KHTML, like Gecko) Chrome/80.0.3987.132 Safari/537.36"
::1 - - [16/Mar/2020:23:07:30 +0530] "GET /adminInteration.php HTTP/1.1" 200 - "http://localhost/" "Mozilla/5.0 (Windows NT 10.0; Win64; x64) AppleWebKit/537.36 (KHTML, like Gecko) Chrome/80.0.3987.132 Safari/537.36"
::1 - - [16/Mar/2020:23:07:30 +0530] "GET /favicon.ico HTTP/1.1" 200 30894 "http://localhost/adminInteration.php" "Mozilla/5.0 (Windows NT 10.0; Win64; x64) AppleWebKit/537.36 (KHTML, like Gecko) Chrome/80.0.3987.132 Safari/537.36"
::1 - - [16/Mar/2020:23:07:30 +0530] "GET /adminInteration.php HTTP/1.1" 200 - "http://localhost/" "Mozilla/5.0 (Windows NT 10.0; Win64; x64) AppleWebKit/537.36 (KHTML, like Gecko) Chrome/80.0.3987.132 Safari/537.36"
::1 - - [16/Mar/2020:23:07:30 +0530] "GET /favicon.ico HTTP/1.1" 200 30894 "http://localhost/adminInteration.php" "Mozilla/5.0 (Windows NT 10.0; Win64; x64) AppleWebKit/537.36 (KHTML, like Gecko) Chrome/80.0.3987.132 Safari/537.36"
::1 - - [16/Mar/2020:23:09:10 +0530] "GET /adminInteration.php HTTP/1.1" 200 278 "http://localhost/" "Mozilla/5.0 (Windows NT 10.0; Win64; x64) AppleWebKit/537.36 (KHTML, like Gecko) Chrome/80.0.3987.132 Safari/537.36"
::1 - - [16/Mar/2020:23:09:42 +0530] "GET /adminInteration.php HTTP/1.1" 200 279 "http://localhost/" "Mozilla/5.0 (Windows NT 10.0; Win64; x64) AppleWebKit/537.36 (KHTML, like Gecko) Chrome/80.0.3987.132 Safari/537.36"
::1 - - [16/Mar/2020:23:09:42 +0530] "GET /favicon.ico HTTP/1.1" 200 30894 "http://localhost/adminInteration.php" "Mozilla/5.0 (Windows NT 10.0; Win64; x64) AppleWebKit/537.36 (KHTML, like Gecko) Chrome/80.0.3987.132 Safari/537.36"
::1 - - [16/Mar/2020:23:09:42 +0530] "GET /adminInteration.php HTTP/1.1" 200 279 "http://localhost/" "Mozilla/5.0 (Windows NT 10.0; Win64; x64) AppleWebKit/537.36 (KHTML, like Gecko) Chrome/80.0.3987.132 Safari/537.36"
::1 - - [16/Mar/2020:23:09:42 +0530] "GET /favicon.ico HTTP/1.1" 200 30894 "http://localhost/adminInteration.php" "Mozilla/5.0 (Windows NT 10.0; Win64; x64) AppleWebKit/537.36 (KHTML, like Gecko) Chrome/80.0.3987.132 Safari/537.36"
::1 - - [16/Mar/2020:23:10:02 +0530] "GET /adminInteration.php HTTP/1.1" 200 279 "http://localhost/" "Mozilla/5.0 (Windows NT 10.0; Win64; x64) AppleWebKit/537.36 (KHTML, like Gecko) Chrome/80.0.3987.132 Safari/537.36"
::1 - - [16/Mar/2020:23:10:02 +0530] "GET /favicon.ico HTTP/1.1" 200 30894 "http://localhost/adminInteration.php" "Mozilla/5.0 (Windows NT 10.0; Win64; x64) AppleWebKit/537.36 (KHTML, like Gecko) Chrome/80.0.3987.132 Safari/537.36"
::1 - - [16/Mar/2020:23:10:03 +0530] "GET /adminInteration.php HTTP/1.1" 200 279 "http://localhost/" "Mozilla/5.0 (Windows NT 10.0; Win64; x64) AppleWebKit/537.36 (KHTML, like Gecko) Chrome/80.0.3987.132 Safari/537.36"
::1 - - [16/Mar/2020:23:10:03 +0530] "GET /favicon.ico HTTP/1.1" 200 30894 "http://localhost/adminInteration.php" "Mozilla/5.0 (Windows NT 10.0; Win64; x64) AppleWebKit/537.36 (KHTML, like Gecko) Chrome/80.0.3987.132 Safari/537.36"
::1 - - [16/Mar/2020:23:10:03 +0530] "GET /adminInteration.php HTTP/1.1" 200 279 "http://localhost/" "Mozilla/5.0 (Windows NT 10.0; Win64; x64) AppleWebKit/537.36 (KHTML, like Gecko) Chrome/80.0.3987.132 Safari/537.36"
::1 - - [16/Mar/2020:23:10:03 +0530] "GET /favicon.ico HTTP/1.1" 200 30894 "http://localhost/adminInteration.php" "Mozilla/5.0 (Windows NT 10.0; Win64; x64) AppleWebKit/537.36 (KHTML, like Gecko) Chrome/80.0.3987.132 Safari/537.36"
::1 - - [16/Mar/2020:23:10:03 +0530] "GET /adminInteration.php HTTP/1.1" 200 279 "http://localhost/" "Mozilla/5.0 (Windows NT 10.0; Win64; x64) AppleWebKit/537.36 (KHTML, like Gecko) Chrome/80.0.3987.132 Safari/537.36"
::1 - - [16/Mar/2020:23:10:03 +0530] "GET /favicon.ico HTTP/1.1" 200 30894 "http://localhost/adminInteration.php" "Mozilla/5.0 (Windows NT 10.0; Win64; x64) AppleWebKit/537.36 (KHTML, like Gecko) Chrome/80.0.3987.132 Safari/537.36"
::1 - - [16/Mar/2020:23:10:52 +0530] "GET /adminInteration.php HTTP/1.1" 200 236 "http://localhost/" "Mozilla/5.0 (Windows NT 10.0; Win64; x64) AppleWebKit/537.36 (KHTML, like Gecko) Chrome/80.0.3987.132 Safari/537.36"
::1 - - [16/Mar/2020:23:10:52 +0530] "GET /favicon.ico HTTP/1.1" 200 30894 "http://localhost/adminInteration.php" "Mozilla/5.0 (Windows NT 10.0; Win64; x64) AppleWebKit/537.36 (KHTML, like Gecko) Chrome/80.0.3987.132 Safari/537.36"
::1 - - [16/Mar/2020:23:11:05 +0530] "GET /adminInteration.php HTTP/1.1" 200 - "http://localhost/" "Mozilla/5.0 (Windows NT 10.0; Win64; x64) AppleWebKit/537.36 (KHTML, like Gecko) Chrome/80.0.3987.132 Safari/537.36"
::1 - - [16/Mar/2020:23:11:05 +0530] "GET /favicon.ico HTTP/1.1" 200 30894 "http://localhost/adminInteration.php" "Mozilla/5.0 (Windows NT 10.0; Win64; x64) AppleWebKit/537.36 (KHTML, like Gecko) Chrome/80.0.3987.132 Safari/537.36"
::1 - - [17/Mar/2020:00:02:22 +0530] "GET /adminInteration.php HTTP/1.1" 200 179 "http://localhost/" "Mozilla/5.0 (Windows NT 10.0; Win64; x64) AppleWebKit/537.36 (KHTML, like Gecko) Chrome/80.0.3987.132 Safari/537.36"
::1 - - [17/Mar/2020:00:02:22 +0530] "GET /favicon.ico HTTP/1.1" 200 30894 "http://localhost/adminInteration.php" "Mozilla/5.0 (Windows NT 10.0; Win64; x64) AppleWebKit/537.36 (KHTML, like Gecko) Chrome/80.0.3987.132 Safari/537.36"
::1 - - [17/Mar/2020:00:02:38 +0530] "GET /adminInteration.php HTTP/1.1" 200 - "http://localhost/" "Mozilla/5.0 (Windows NT 10.0; Win64; x64) AppleWebKit/537.36 (KHTML, like Gecko) Chrome/80.0.3987.132 Safari/537.36"
::1 - - [17/Mar/2020:00:02:38 +0530] "GET /favicon.ico HTTP/1.1" 200 30894 "http://localhost/adminInteration.php" "Mozilla/5.0 (Windows NT 10.0; Win64; x64) AppleWebKit/537.36 (KHTML, like Gecko) Chrome/80.0.3987.132 Safari/537.36"
::1 - - [17/Mar/2020:00:02:39 +0530] "GET /adminInteration.php HTTP/1.1" 200 - "http://localhost/" "Mozilla/5.0 (Windows NT 10.0; Win64; x64) AppleWebKit/537.36 (KHTML, like Gecko) Chrome/80.0.3987.132 Safari/537.36"
::1 - - [17/Mar/2020:00:02:39 +0530] "GET /favicon.ico HTTP/1.1" 200 30894 "http://localhost/adminInteration.php" "Mozilla/5.0 (Windows NT 10.0; Win64; x64) AppleWebKit/537.36 (KHTML, like Gecko) Chrome/80.0.3987.132 Safari/537.36"
::1 - - [17/Mar/2020:00:02:39 +0530] "GET /adminInteration.php HTTP/1.1" 200 - "http://localhost/" "Mozilla/5.0 (Windows NT 10.0; Win64; x64) AppleWebKit/537.36 (KHTML, like Gecko) Chrome/80.0.3987.132 Safari/537.36"
::1 - - [17/Mar/2020:00:02:39 +0530] "GET /favicon.ico HTTP/1.1" 200 30894 "http://localhost/adminInteration.php" "Mozilla/5.0 (Windows NT 10.0; Win64; x64) AppleWebKit/537.36 (KHTML, like Gecko) Chrome/80.0.3987.132 Safari/537.36"
::1 - - [17/Mar/2020:00:02:46 +0530] "GET /adminInteration.php HTTP/1.1" 200 - "http://localhost/" "Mozilla/5.0 (Windows NT 10.0; Win64; x64) AppleWebKit/537.36 (KHTML, like Gecko) Chrome/80.0.3987.132 Safari/537.36"
::1 - - [17/Mar/2020:00:02:46 +0530] "GET /favicon.ico HTTP/1.1" 200 30894 "http://localhost/adminInteration.php" "Mozilla/5.0 (Windows NT 10.0; Win64; x64) AppleWebKit/537.36 (KHTML, like Gecko) Chrome/80.0.3987.132 Safari/537.36"
